# JRE version: Java(TM) SE Runtime Environment (17.0.8+9) (build 17.0.8+9-LTS-211)
# Java VM: Java HotSpot(TM) 64-Bit Server VM (17.0.8+9-LTS-211, mixed mode, sharing, tiered, compressed oops, compressed class ptrs, g1 gc, windows-amd64)
GC Precious Log:
 CPUs: 8 total, 8 available
 Memory: 7934M
 Large Page Support: Disabled
 NUMA Support: Disabled
 Compressed Oops: Enabled (32-bit)
 Heap Region Size: 1M
 Heap Min Capacity: 8M
 Heap Initial Capacity: 124M
 Heap Max Capacity: 2G
 Pre-touch: Disabled
 Parallel Workers: 8
 Concurrent Workers: 2
 Concurrent Refinement Workers: 8
 Periodic GC: Disabled
Heap:
 garbage-first heap   total 112640K, used 81419K [0x0000000080000000, 0x0000000100000000)
  region size 1024K, 22 young (22528K), 4 survivors (4096K)
 Metaspace       used 62972K, committed 63616K, reserved 491520K
  class space    used 8912K, committed 9216K, reserved 425984K
GC Heap History (20 events):
Event: 33.573 GC heap before
{Heap before GC invocations=13 (full 0):
 garbage-first heap   total 86016K, used 49903K [0x0000000080000000, 0x0000000100000000)
  region size 1024K, 14 young (14336K), 4 survivors (4096K)
 Metaspace       used 46419K, committed 47040K, reserved 491520K
  class space    used 6553K, committed 6848K, reserved 425984K
}
Event: 33.581 GC heap after
{Heap after GC invocations=14 (full 0):
 garbage-first heap   total 86016K, used 42218K [0x0000000080000000, 0x0000000100000000)
  region size 1024K, 4 young (4096K), 4 survivors (4096K)
 Metaspace       used 46419K, committed 47040K, reserved 491520K
  class space    used 6553K, committed 6848K, reserved 425984K
}
Event: 33.675 GC heap before
{Heap before GC invocations=15 (full 0):
 garbage-first heap   total 86016K, used 47338K [0x0000000080000000, 0x0000000100000000)
  region size 1024K, 8 young (8192K), 4 survivors (4096K)
 Metaspace       used 46528K, committed 47104K, reserved 491520K
  class space    used 6569K, committed 6848K, reserved 425984K
}
Event: 33.682 GC heap after
{Heap after GC invocations=16 (full 0):
 garbage-first heap   total 86016K, used 45102K [0x0000000080000000, 0x0000000100000000)
  region size 1024K, 3 young (3072K), 3 survivors (3072K)
 Metaspace       used 46528K, committed 47104K, reserved 491520K
  class space    used 6569K, committed 6848K, reserved 425984K
}
Event: 34.176 GC heap before
{Heap before GC invocations=17 (full 0):
 garbage-first heap   total 87040K, used 71726K [0x0000000080000000, 0x0000000100000000)
  region size 1024K, 25 young (25600K), 3 survivors (3072K)
 Metaspace       used 49166K, committed 49728K, reserved 491520K
  class space    used 6905K, committed 7168K, reserved 425984K
}
Event: 34.179 GC heap after
{Heap after GC invocations=18 (full 0):
 garbage-first heap   total 87040K, used 51439K [0x0000000080000000, 0x0000000100000000)
  region size 1024K, 4 young (4096K), 4 survivors (4096K)
 Metaspace       used 49166K, committed 49728K, reserved 491520K
  class space    used 6905K, committed 7168K, reserved 425984K
}
Event: 34.602 GC heap before
{Heap before GC invocations=18 (full 0):
 garbage-first heap   total 87040K, used 70895K [0x0000000080000000, 0x0000000100000000)
  region size 1024K, 23 young (23552K), 4 survivors (4096K)
 Metaspace       used 50947K, committed 51648K, reserved 491520K
  class space    used 7203K, committed 7552K, reserved 425984K
}
Event: 34.606 GC heap after
{Heap after GC invocations=19 (full 0):
 garbage-first heap   total 104448K, used 52634K [0x0000000080000000, 0x0000000100000000)
  region size 1024K, 1 young (1024K), 1 survivors (1024K)
 Metaspace       used 50947K, committed 51648K, reserved 491520K
  class space    used 7203K, committed 7552K, reserved 425984K
}
Event: 34.818 GC heap before
{Heap before GC invocations=20 (full 0):
 garbage-first heap   total 104448K, used 61850K [0x0000000080000000, 0x0000000100000000)
  region size 1024K, 11 young (11264K), 1 survivors (1024K)
 Metaspace       used 51853K, committed 52480K, reserved 491520K
  class space    used 7357K, committed 7680K, reserved 425984K
}
Event: 34.821 GC heap after
{Heap after GC invocations=21 (full 0):
 garbage-first heap   total 104448K, used 53086K [0x0000000080000000, 0x0000000100000000)
  region size 1024K, 2 young (2048K), 2 survivors (2048K)
 Metaspace       used 51853K, committed 52480K, reserved 491520K
  class space    used 7357K, committed 7680K, reserved 425984K
}
Event: 35.271 GC heap before
{Heap before GC invocations=22 (full 0):
 garbage-first heap   total 104448K, used 84830K [0x0000000080000000, 0x0000000100000000)
  region size 1024K, 29 young (29696K), 2 survivors (2048K)
 Metaspace       used 53811K, committed 54464K, reserved 491520K
  class space    used 7602K, committed 7936K, reserved 425984K
}
Event: 35.275 GC heap after
{Heap after GC invocations=23 (full 0):
 garbage-first heap   total 104448K, used 58315K [0x0000000080000000, 0x0000000100000000)
  region size 1024K, 3 young (3072K), 3 survivors (3072K)
 Metaspace       used 53811K, committed 54464K, reserved 491520K
  class space    used 7602K, committed 7936K, reserved 425984K
}
Event: 35.801 GC heap before
{Heap before GC invocations=23 (full 0):
 garbage-first heap   total 104448K, used 82891K [0x0000000080000000, 0x0000000100000000)
  region size 1024K, 28 young (28672K), 3 survivors (3072K)
 Metaspace       used 56251K, committed 56960K, reserved 491520K
  class space    used 7957K, committed 8320K, reserved 425984K
}
Event: 35.806 GC heap after
{Heap after GC invocations=24 (full 0):
 garbage-first heap   total 104448K, used 59458K [0x0000000080000000, 0x0000000100000000)
  region size 1024K, 3 young (3072K), 3 survivors (3072K)
 Metaspace       used 56251K, committed 56960K, reserved 491520K
  class space    used 7957K, committed 8320K, reserved 425984K
}
Event: 36.331 GC heap before
{Heap before GC invocations=25 (full 0):
 garbage-first heap   total 107520K, used 84034K [0x0000000080000000, 0x0000000100000000)
  region size 1024K, 28 young (28672K), 3 survivors (3072K)
 Metaspace       used 58438K, committed 59200K, reserved 491520K
  class space    used 8219K, committed 8576K, reserved 425984K
}
Event: 36.336 GC heap after
{Heap after GC invocations=26 (full 0):
 garbage-first heap   total 107520K, used 60951K [0x0000000080000000, 0x0000000100000000)
  region size 1024K, 3 young (3072K), 3 survivors (3072K)
 Metaspace       used 58438K, committed 59200K, reserved 491520K
  class space    used 8219K, committed 8576K, reserved 425984K
}
Event: 36.909 GC heap before
{Heap before GC invocations=26 (full 0):
 garbage-first heap   total 107520K, used 86551K [0x0000000080000000, 0x0000000100000000)
  region size 1024K, 29 young (29696K), 3 survivors (3072K)
 Metaspace       used 60136K, committed 60800K, reserved 491520K
  class space    used 8493K, committed 8832K, reserved 425984K
}
Event: 36.913 GC heap after
{Heap after GC invocations=27 (full 0):
 garbage-first heap   total 107520K, used 63095K [0x0000000080000000, 0x0000000100000000)
  region size 1024K, 4 young (4096K), 4 survivors (4096K)
 Metaspace       used 60136K, committed 60800K, reserved 491520K
  class space    used 8493K, committed 8832K, reserved 425984K
}
Event: 37.546 GC heap before
{Heap before GC invocations=28 (full 0):
 garbage-first heap   total 112640K, used 88695K [0x0000000080000000, 0x0000000100000000)
  region size 1024K, 29 young (29696K), 4 survivors (4096K)
 Metaspace       used 61986K, committed 62656K, reserved 491520K
  class space    used 8786K, committed 9088K, reserved 425984K
}
Event: 37.552 GC heap after
{Heap after GC invocations=29 (full 0):
 garbage-first heap   total 112640K, used 64011K [0x0000000080000000, 0x0000000100000000)
  region size 1024K, 4 young (4096K), 4 survivors (4096K)
 Metaspace       used 61986K, committed 62656K, reserved 491520K
  class space    used 8786K, committed 9088K, reserved 425984K
}

